Run starting. Expected test count is: 0
p111_ae1:
- a) csp/p111_ae1.csp がある: 0 (6 milliseconds)
- b) 変数が正しく定義されている: 0 *** FAILED *** (25 milliseconds)
  Template.this.varsAreCorrect(Template.this.cspStu, Template.this.cspTec) was false (Template.scala:32)
- c) 制約が正しく定義されている: 1 *** FAILED *** (2 milliseconds)
  Template.this.constraintsAreCorrect(Template.this.cspStu, Template.this.cspTec) was false (Template.scala:36)
p011_and:
- a) csp/p011_and.csp がある: 0 (0 milliseconds)
- b) 変数が正しく定義されている: 0 *** FAILED *** (2 milliseconds)
  Template.this.varsAreCorrect(Template.this.cspStu, Template.this.cspTec) was false (Template.scala:32)
- c) 制約が正しく定義されている: 1 *** FAILED *** (0 milliseconds)
  Template.this.constraintsAreCorrect(Template.this.cspStu, Template.this.cspTec) was false (Template.scala:36)
p103_ai1:
- a) csp/p103_ai1.csp がある: 0 (0 milliseconds)
- b) 変数が正しく定義されている: 0 (2 milliseconds)
- c) 制約が正しく定義されている: 1 *** FAILED *** (400 milliseconds)
  Template.this.constraintsAreCorrect(Template.this.cspStu, Template.this.cspTec) was false (Template.scala:36)
p001_and:
- a) csp/p001_and.csp がある: 0 (0 milliseconds)
- b) 変数が正しく定義されている: 0 (1 millisecond)
- c) 制約が正しく定義されている: 1 (56 milliseconds)
p002_or:
- a) csp/p002_or.csp がある: 0 (0 milliseconds)
- b) 変数が正しく定義されている: 0 (2 milliseconds)
- c) 制約が正しく定義されている: 1 (107 milliseconds)
p004_imp:
- a) csp/p004_imp.csp がある: 0 (0 milliseconds)
- b) 変数が正しく定義されている: 0 (1 millisecond)
- c) 制約が正しく定義されている: 1 *** FAILED *** (121 milliseconds)
  Template.this.constraintsAreCorrect(Template.this.cspStu, Template.this.cspTec) was false (Template.scala:36)
p101_ae1:
- a) csp/p101_ae1.csp がある: 0 (0 milliseconds)
- b) 変数が正しく定義されている: 0 (1 millisecond)
- c) 制約が正しく定義されている: 1 *** FAILED *** (133 milliseconds)
  Template.this.constraintsAreCorrect(Template.this.cspStu, Template.this.cspTec) was false (Template.scala:36)
p112_ae2:
- a) csp/p112_ae2.csp がある: 0 (0 milliseconds)
- b) 変数が正しく定義されている: 0 *** FAILED *** (1 millisecond)
  Template.this.varsAreCorrect(Template.this.cspStu, Template.this.cspTec) was false (Template.scala:32)
- c) 制約が正しく定義されている: 1 *** FAILED *** (1 millisecond)
  Template.this.constraintsAreCorrect(Template.this.cspStu, Template.this.cspTec) was false (Template.scala:36)
p113_ai1:
- a) csp/p113_ai1.csp がある: 0 (0 milliseconds)
- b) 変数が正しく定義されている: 0 *** FAILED *** (1 millisecond)
  Template.this.varsAreCorrect(Template.this.cspStu, Template.this.cspTec) was false (Template.scala:32)
- c) 制約が正しく定義されている: 1 *** FAILED *** (1 millisecond)
  Template.this.constraintsAreCorrect(Template.this.cspStu, Template.this.cspTec) was false (Template.scala:36)
p005_iff:
- a) csp/p005_iff.csp がある: 0 (0 milliseconds)
- b) 変数が正しく定義されている: 0 (0 milliseconds)
- c) 制約が正しく定義されている: 1 *** FAILED *** (104 milliseconds)
  Template.this.constraintsAreCorrect(Template.this.cspStu, Template.this.cspTec) was false (Template.scala:36)
p012_or:
- a) csp/p012_or.csp がある: 0 (0 milliseconds)
- b) 変数が正しく定義されている: 0 *** FAILED *** (1 millisecond)
  Template.this.varsAreCorrect(Template.this.cspStu, Template.this.cspTec) was false (Template.scala:32)
- c) 制約が正しく定義されている: 1 *** FAILED *** (1 millisecond)
  Template.this.constraintsAreCorrect(Template.this.cspStu, Template.this.cspTec) was false (Template.scala:36)
p013_xor:
- a) csp/p013_xor.csp がある: 0 (0 milliseconds)
- b) 変数が正しく定義されている: 0 *** FAILED *** (2 milliseconds)
  Template.this.varsAreCorrect(Template.this.cspStu, Template.this.cspTec) was false (Template.scala:32)
- c) 制約が正しく定義されている: 1 *** FAILED *** (1 millisecond)
  Template.this.constraintsAreCorrect(Template.this.cspStu, Template.this.cspTec) was false (Template.scala:36)
p003_xor:
- a) csp/p003_xor.csp がある: 0 (0 milliseconds)
- b) 変数が正しく定義されている: 0 (1 millisecond)
- c) 制約が正しく定義されている: 1 *** FAILED *** (94 milliseconds)
  Template.this.constraintsAreCorrect(Template.this.cspStu, Template.this.cspTec) was false (Template.scala:36)
p102_ae2:
- a) csp/p102_ae2.csp がある: 0 (1 millisecond)
- b) 変数が正しく定義されている: 0 (0 milliseconds)
- c) 制約が正しく定義されている: 1 *** FAILED *** (328 milliseconds)
  Template.this.constraintsAreCorrect(Template.this.cspStu, Template.this.cspTec) was false (Template.scala:36)
p015_iff:
- a) csp/p015_iff.csp がある: 0 (0 milliseconds)
- b) 変数が正しく定義されている: 0 *** FAILED *** (1 millisecond)
  Template.this.varsAreCorrect(Template.this.cspStu, Template.this.cspTec) was false (Template.scala:32)
- c) 制約が正しく定義されている: 1 *** FAILED *** (0 milliseconds)
  Template.this.constraintsAreCorrect(Template.this.cspStu, Template.this.cspTec) was false (Template.scala:36)
p014_imp:
- a) csp/p014_imp.csp がある: 0 (0 milliseconds)
- b) 変数が正しく定義されている: 0 *** FAILED *** (1 millisecond)
  Template.this.varsAreCorrect(Template.this.cspStu, Template.this.cspTec) was false (Template.scala:32)
- c) 制約が正しく定義されている: 1 *** FAILED *** (0 milliseconds)
  Template.this.constraintsAreCorrect(Template.this.cspStu, Template.this.cspTec) was false (Template.scala:36)
Run completed in 4 seconds, 770 milliseconds.
Total number of tests run: 48
Suites: completed 16, aborted 0
Tests: succeeded 26, failed 22, canceled 0, ignored 0, pending 0
*** 22 TESTS FAILED ***
p111_ae1:

- b) 変数が正しく定義されている: 0 *** FAILED *** (25 milliseconds)
  Template.this.varsAreCorrect(Template.this.cspStu, Template.this.cspTec) was false (Template.scala:32)
  org.scalatest.exceptions.TestFailedException:
  ...
  at lecture.Template.$anonfun$new$2(Template.scala:32)
  at org.scalatest.OutcomeOf.outcomeOf(OutcomeOf.scala:85)
  at org.scalatest.OutcomeOf.outcomeOf$(OutcomeOf.scala:83)
  at org.scalatest.OutcomeOf$.outcomeOf(OutcomeOf.scala:104)
  at org.scalatest.Transformer.apply(Transformer.scala:22)
  at org.scalatest.Transformer.apply(Transformer.scala:20)
  at org.scalatest.funsuite.AnyFunSuiteLike$$anon$1.apply(AnyFunSuiteLike.scala:189)
  ...
p111_ae1:

- c) 制約が正しく定義されている: 1 *** FAILED *** (2 milliseconds)
  Template.this.constraintsAreCorrect(Template.this.cspStu, Template.this.cspTec) was false (Template.scala:36)
  org.scalatest.exceptions.TestFailedException:
  ...
  at lecture.Template.$anonfun$new$3(Template.scala:36)
  at org.scalatest.OutcomeOf.outcomeOf(OutcomeOf.scala:85)
  at org.scalatest.OutcomeOf.outcomeOf$(OutcomeOf.scala:83)
  at org.scalatest.OutcomeOf$.outcomeOf(OutcomeOf.scala:104)
  at org.scalatest.Transformer.apply(Transformer.scala:22)
  at org.scalatest.Transformer.apply(Transformer.scala:20)
  at org.scalatest.funsuite.AnyFunSuiteLike$$anon$1.apply(AnyFunSuiteLike.scala:189)
  ...
p011_and:

- b) 変数が正しく定義されている: 0 *** FAILED *** (2 milliseconds)
  Template.this.varsAreCorrect(Template.this.cspStu, Template.this.cspTec) was false (Template.scala:32)
  org.scalatest.exceptions.TestFailedException:
  ...
  at lecture.Template.$anonfun$new$2(Template.scala:32)
  at org.scalatest.OutcomeOf.outcomeOf(OutcomeOf.scala:85)
  at org.scalatest.OutcomeOf.outcomeOf$(OutcomeOf.scala:83)
  at org.scalatest.OutcomeOf$.outcomeOf(OutcomeOf.scala:104)
  at org.scalatest.Transformer.apply(Transformer.scala:22)
  at org.scalatest.Transformer.apply(Transformer.scala:20)
  at org.scalatest.funsuite.AnyFunSuiteLike$$anon$1.apply(AnyFunSuiteLike.scala:189)
  ...
p011_and:

- c) 制約が正しく定義されている: 1 *** FAILED *** (0 milliseconds)
  Template.this.constraintsAreCorrect(Template.this.cspStu, Template.this.cspTec) was false (Template.scala:36)
  org.scalatest.exceptions.TestFailedException:
  ...
  at lecture.Template.$anonfun$new$3(Template.scala:36)
  at org.scalatest.OutcomeOf.outcomeOf(OutcomeOf.scala:85)
  at org.scalatest.OutcomeOf.outcomeOf$(OutcomeOf.scala:83)
  at org.scalatest.OutcomeOf$.outcomeOf(OutcomeOf.scala:104)
  at org.scalatest.Transformer.apply(Transformer.scala:22)
  at org.scalatest.Transformer.apply(Transformer.scala:20)
  at org.scalatest.funsuite.AnyFunSuiteLike$$anon$1.apply(AnyFunSuiteLike.scala:189)
  ...
p103_ai1:

- c) 制約が正しく定義されている: 1 *** FAILED *** (400 milliseconds)
  Template.this.constraintsAreCorrect(Template.this.cspStu, Template.this.cspTec) was false (Template.scala:36)
  org.scalatest.exceptions.TestFailedException:
  ...
  at lecture.Template.$anonfun$new$3(Template.scala:36)
  at org.scalatest.OutcomeOf.outcomeOf(OutcomeOf.scala:85)
  at org.scalatest.OutcomeOf.outcomeOf$(OutcomeOf.scala:83)
  at org.scalatest.OutcomeOf$.outcomeOf(OutcomeOf.scala:104)
  at org.scalatest.Transformer.apply(Transformer.scala:22)
  at org.scalatest.Transformer.apply(Transformer.scala:20)
  at org.scalatest.funsuite.AnyFunSuiteLike$$anon$1.apply(AnyFunSuiteLike.scala:189)
  ...
p004_imp:

- c) 制約が正しく定義されている: 1 *** FAILED *** (121 milliseconds)
  Template.this.constraintsAreCorrect(Template.this.cspStu, Template.this.cspTec) was false (Template.scala:36)
  org.scalatest.exceptions.TestFailedException:
  ...
  at lecture.Template.$anonfun$new$3(Template.scala:36)
  at org.scalatest.OutcomeOf.outcomeOf(OutcomeOf.scala:85)
  at org.scalatest.OutcomeOf.outcomeOf$(OutcomeOf.scala:83)
  at org.scalatest.OutcomeOf$.outcomeOf(OutcomeOf.scala:104)
  at org.scalatest.Transformer.apply(Transformer.scala:22)
  at org.scalatest.Transformer.apply(Transformer.scala:20)
  at org.scalatest.funsuite.AnyFunSuiteLike$$anon$1.apply(AnyFunSuiteLike.scala:189)
  ...
p101_ae1:

- c) 制約が正しく定義されている: 1 *** FAILED *** (133 milliseconds)
  Template.this.constraintsAreCorrect(Template.this.cspStu, Template.this.cspTec) was false (Template.scala:36)
  org.scalatest.exceptions.TestFailedException:
  ...
  at lecture.Template.$anonfun$new$3(Template.scala:36)
  at org.scalatest.OutcomeOf.outcomeOf(OutcomeOf.scala:85)
  at org.scalatest.OutcomeOf.outcomeOf$(OutcomeOf.scala:83)
  at org.scalatest.OutcomeOf$.outcomeOf(OutcomeOf.scala:104)
  at org.scalatest.Transformer.apply(Transformer.scala:22)
  at org.scalatest.Transformer.apply(Transformer.scala:20)
  at org.scalatest.funsuite.AnyFunSuiteLike$$anon$1.apply(AnyFunSuiteLike.scala:189)
  ...
p112_ae2:

- b) 変数が正しく定義されている: 0 *** FAILED *** (1 millisecond)
  Template.this.varsAreCorrect(Template.this.cspStu, Template.this.cspTec) was false (Template.scala:32)
  org.scalatest.exceptions.TestFailedException:
  ...
  at lecture.Template.$anonfun$new$2(Template.scala:32)
  at org.scalatest.OutcomeOf.outcomeOf(OutcomeOf.scala:85)
  at org.scalatest.OutcomeOf.outcomeOf$(OutcomeOf.scala:83)
  at org.scalatest.OutcomeOf$.outcomeOf(OutcomeOf.scala:104)
  at org.scalatest.Transformer.apply(Transformer.scala:22)
  at org.scalatest.Transformer.apply(Transformer.scala:20)
  at org.scalatest.funsuite.AnyFunSuiteLike$$anon$1.apply(AnyFunSuiteLike.scala:189)
  ...
p112_ae2:

- c) 制約が正しく定義されている: 1 *** FAILED *** (1 millisecond)
  Template.this.constraintsAreCorrect(Template.this.cspStu, Template.this.cspTec) was false (Template.scala:36)
  org.scalatest.exceptions.TestFailedException:
  ...
  at lecture.Template.$anonfun$new$3(Template.scala:36)
  at org.scalatest.OutcomeOf.outcomeOf(OutcomeOf.scala:85)
  at org.scalatest.OutcomeOf.outcomeOf$(OutcomeOf.scala:83)
  at org.scalatest.OutcomeOf$.outcomeOf(OutcomeOf.scala:104)
  at org.scalatest.Transformer.apply(Transformer.scala:22)
  at org.scalatest.Transformer.apply(Transformer.scala:20)
  at org.scalatest.funsuite.AnyFunSuiteLike$$anon$1.apply(AnyFunSuiteLike.scala:189)
  ...
p113_ai1:

- b) 変数が正しく定義されている: 0 *** FAILED *** (1 millisecond)
  Template.this.varsAreCorrect(Template.this.cspStu, Template.this.cspTec) was false (Template.scala:32)
  org.scalatest.exceptions.TestFailedException:
  ...
  at lecture.Template.$anonfun$new$2(Template.scala:32)
  at org.scalatest.OutcomeOf.outcomeOf(OutcomeOf.scala:85)
  at org.scalatest.OutcomeOf.outcomeOf$(OutcomeOf.scala:83)
  at org.scalatest.OutcomeOf$.outcomeOf(OutcomeOf.scala:104)
  at org.scalatest.Transformer.apply(Transformer.scala:22)
  at org.scalatest.Transformer.apply(Transformer.scala:20)
  at org.scalatest.funsuite.AnyFunSuiteLike$$anon$1.apply(AnyFunSuiteLike.scala:189)
  ...
p113_ai1:

- c) 制約が正しく定義されている: 1 *** FAILED *** (1 millisecond)
  Template.this.constraintsAreCorrect(Template.this.cspStu, Template.this.cspTec) was false (Template.scala:36)
  org.scalatest.exceptions.TestFailedException:
  ...
  at lecture.Template.$anonfun$new$3(Template.scala:36)
  at org.scalatest.OutcomeOf.outcomeOf(OutcomeOf.scala:85)
  at org.scalatest.OutcomeOf.outcomeOf$(OutcomeOf.scala:83)
  at org.scalatest.OutcomeOf$.outcomeOf(OutcomeOf.scala:104)
  at org.scalatest.Transformer.apply(Transformer.scala:22)
  at org.scalatest.Transformer.apply(Transformer.scala:20)
  at org.scalatest.funsuite.AnyFunSuiteLike$$anon$1.apply(AnyFunSuiteLike.scala:189)
  ...
p005_iff:

- c) 制約が正しく定義されている: 1 *** FAILED *** (104 milliseconds)
  Template.this.constraintsAreCorrect(Template.this.cspStu, Template.this.cspTec) was false (Template.scala:36)
  org.scalatest.exceptions.TestFailedException:
  ...
  at lecture.Template.$anonfun$new$3(Template.scala:36)
  at org.scalatest.OutcomeOf.outcomeOf(OutcomeOf.scala:85)
  at org.scalatest.OutcomeOf.outcomeOf$(OutcomeOf.scala:83)
  at org.scalatest.OutcomeOf$.outcomeOf(OutcomeOf.scala:104)
  at org.scalatest.Transformer.apply(Transformer.scala:22)
  at org.scalatest.Transformer.apply(Transformer.scala:20)
  at org.scalatest.funsuite.AnyFunSuiteLike$$anon$1.apply(AnyFunSuiteLike.scala:189)
  ...
p012_or:

- b) 変数が正しく定義されている: 0 *** FAILED *** (1 millisecond)
  Template.this.varsAreCorrect(Template.this.cspStu, Template.this.cspTec) was false (Template.scala:32)
  org.scalatest.exceptions.TestFailedException:
  ...
  at lecture.Template.$anonfun$new$2(Template.scala:32)
  at org.scalatest.OutcomeOf.outcomeOf(OutcomeOf.scala:85)
  at org.scalatest.OutcomeOf.outcomeOf$(OutcomeOf.scala:83)
  at org.scalatest.OutcomeOf$.outcomeOf(OutcomeOf.scala:104)
  at org.scalatest.Transformer.apply(Transformer.scala:22)
  at org.scalatest.Transformer.apply(Transformer.scala:20)
  at org.scalatest.funsuite.AnyFunSuiteLike$$anon$1.apply(AnyFunSuiteLike.scala:189)
  ...
p012_or:

- c) 制約が正しく定義されている: 1 *** FAILED *** (1 millisecond)
  Template.this.constraintsAreCorrect(Template.this.cspStu, Template.this.cspTec) was false (Template.scala:36)
  org.scalatest.exceptions.TestFailedException:
  ...
  at lecture.Template.$anonfun$new$3(Template.scala:36)
  at org.scalatest.OutcomeOf.outcomeOf(OutcomeOf.scala:85)
  at org.scalatest.OutcomeOf.outcomeOf$(OutcomeOf.scala:83)
  at org.scalatest.OutcomeOf$.outcomeOf(OutcomeOf.scala:104)
  at org.scalatest.Transformer.apply(Transformer.scala:22)
  at org.scalatest.Transformer.apply(Transformer.scala:20)
  at org.scalatest.funsuite.AnyFunSuiteLike$$anon$1.apply(AnyFunSuiteLike.scala:189)
  ...
p013_xor:

- b) 変数が正しく定義されている: 0 *** FAILED *** (2 milliseconds)
  Template.this.varsAreCorrect(Template.this.cspStu, Template.this.cspTec) was false (Template.scala:32)
  org.scalatest.exceptions.TestFailedException:
  ...
  at lecture.Template.$anonfun$new$2(Template.scala:32)
  at org.scalatest.OutcomeOf.outcomeOf(OutcomeOf.scala:85)
  at org.scalatest.OutcomeOf.outcomeOf$(OutcomeOf.scala:83)
  at org.scalatest.OutcomeOf$.outcomeOf(OutcomeOf.scala:104)
  at org.scalatest.Transformer.apply(Transformer.scala:22)
  at org.scalatest.Transformer.apply(Transformer.scala:20)
  at org.scalatest.funsuite.AnyFunSuiteLike$$anon$1.apply(AnyFunSuiteLike.scala:189)
  ...
p013_xor:

- c) 制約が正しく定義されている: 1 *** FAILED *** (1 millisecond)
  Template.this.constraintsAreCorrect(Template.this.cspStu, Template.this.cspTec) was false (Template.scala:36)
  org.scalatest.exceptions.TestFailedException:
  ...
  at lecture.Template.$anonfun$new$3(Template.scala:36)
  at org.scalatest.OutcomeOf.outcomeOf(OutcomeOf.scala:85)
  at org.scalatest.OutcomeOf.outcomeOf$(OutcomeOf.scala:83)
  at org.scalatest.OutcomeOf$.outcomeOf(OutcomeOf.scala:104)
  at org.scalatest.Transformer.apply(Transformer.scala:22)
  at org.scalatest.Transformer.apply(Transformer.scala:20)
  at org.scalatest.funsuite.AnyFunSuiteLike$$anon$1.apply(AnyFunSuiteLike.scala:189)
  ...
p003_xor:

- c) 制約が正しく定義されている: 1 *** FAILED *** (94 milliseconds)
  Template.this.constraintsAreCorrect(Template.this.cspStu, Template.this.cspTec) was false (Template.scala:36)
  org.scalatest.exceptions.TestFailedException:
  ...
  at lecture.Template.$anonfun$new$3(Template.scala:36)
  at org.scalatest.OutcomeOf.outcomeOf(OutcomeOf.scala:85)
  at org.scalatest.OutcomeOf.outcomeOf$(OutcomeOf.scala:83)
  at org.scalatest.OutcomeOf$.outcomeOf(OutcomeOf.scala:104)
  at org.scalatest.Transformer.apply(Transformer.scala:22)
  at org.scalatest.Transformer.apply(Transformer.scala:20)
  at org.scalatest.funsuite.AnyFunSuiteLike$$anon$1.apply(AnyFunSuiteLike.scala:189)
  ...
p102_ae2:

- c) 制約が正しく定義されている: 1 *** FAILED *** (328 milliseconds)
  Template.this.constraintsAreCorrect(Template.this.cspStu, Template.this.cspTec) was false (Template.scala:36)
  org.scalatest.exceptions.TestFailedException:
  ...
  at lecture.Template.$anonfun$new$3(Template.scala:36)
  at org.scalatest.OutcomeOf.outcomeOf(OutcomeOf.scala:85)
  at org.scalatest.OutcomeOf.outcomeOf$(OutcomeOf.scala:83)
  at org.scalatest.OutcomeOf$.outcomeOf(OutcomeOf.scala:104)
  at org.scalatest.Transformer.apply(Transformer.scala:22)
  at org.scalatest.Transformer.apply(Transformer.scala:20)
  at org.scalatest.funsuite.AnyFunSuiteLike$$anon$1.apply(AnyFunSuiteLike.scala:189)
  ...
p015_iff:

- b) 変数が正しく定義されている: 0 *** FAILED *** (1 millisecond)
  Template.this.varsAreCorrect(Template.this.cspStu, Template.this.cspTec) was false (Template.scala:32)
  org.scalatest.exceptions.TestFailedException:
  ...
  at lecture.Template.$anonfun$new$2(Template.scala:32)
  at org.scalatest.OutcomeOf.outcomeOf(OutcomeOf.scala:85)
  at org.scalatest.OutcomeOf.outcomeOf$(OutcomeOf.scala:83)
  at org.scalatest.OutcomeOf$.outcomeOf(OutcomeOf.scala:104)
  at org.scalatest.Transformer.apply(Transformer.scala:22)
  at org.scalatest.Transformer.apply(Transformer.scala:20)
  at org.scalatest.funsuite.AnyFunSuiteLike$$anon$1.apply(AnyFunSuiteLike.scala:189)
  ...
p015_iff:

- c) 制約が正しく定義されている: 1 *** FAILED *** (0 milliseconds)
  Template.this.constraintsAreCorrect(Template.this.cspStu, Template.this.cspTec) was false (Template.scala:36)
  org.scalatest.exceptions.TestFailedException:
  ...
  at lecture.Template.$anonfun$new$3(Template.scala:36)
  at org.scalatest.OutcomeOf.outcomeOf(OutcomeOf.scala:85)
  at org.scalatest.OutcomeOf.outcomeOf$(OutcomeOf.scala:83)
  at org.scalatest.OutcomeOf$.outcomeOf(OutcomeOf.scala:104)
  at org.scalatest.Transformer.apply(Transformer.scala:22)
  at org.scalatest.Transformer.apply(Transformer.scala:20)
  at org.scalatest.funsuite.AnyFunSuiteLike$$anon$1.apply(AnyFunSuiteLike.scala:189)
  ...
p014_imp:

- b) 変数が正しく定義されている: 0 *** FAILED *** (1 millisecond)
  Template.this.varsAreCorrect(Template.this.cspStu, Template.this.cspTec) was false (Template.scala:32)
  org.scalatest.exceptions.TestFailedException:
  ...
  at lecture.Template.$anonfun$new$2(Template.scala:32)
  at org.scalatest.OutcomeOf.outcomeOf(OutcomeOf.scala:85)
  at org.scalatest.OutcomeOf.outcomeOf$(OutcomeOf.scala:83)
  at org.scalatest.OutcomeOf$.outcomeOf(OutcomeOf.scala:104)
  at org.scalatest.Transformer.apply(Transformer.scala:22)
  at org.scalatest.Transformer.apply(Transformer.scala:20)
  at org.scalatest.funsuite.AnyFunSuiteLike$$anon$1.apply(AnyFunSuiteLike.scala:189)
  ...
p014_imp:

- c) 制約が正しく定義されている: 1 *** FAILED *** (0 milliseconds)
  Template.this.constraintsAreCorrect(Template.this.cspStu, Template.this.cspTec) was false (Template.scala:36)
  org.scalatest.exceptions.TestFailedException:
  ...
  at lecture.Template.$anonfun$new$3(Template.scala:36)
  at org.scalatest.OutcomeOf.outcomeOf(OutcomeOf.scala:85)
  at org.scalatest.OutcomeOf.outcomeOf$(OutcomeOf.scala:83)
  at org.scalatest.OutcomeOf$.outcomeOf(OutcomeOf.scala:104)
  at org.scalatest.Transformer.apply(Transformer.scala:22)
  at org.scalatest.Transformer.apply(Transformer.scala:20)
  at org.scalatest.funsuite.AnyFunSuiteLike$$anon$1.apply(AnyFunSuiteLike.scala:189)
  ...
